# JRE version: OpenJDK Runtime Environment (7.0_151-b01) (build 1.7.0_151-b01)
# Java VM: OpenJDK 64-Bit Server VM (24.151-b01 mixed mode linux-amd64 compressed oops)
Heap
 PSYoungGen      total 417792K, used 4104K [0x00000007d6c00000, 0x00000007f1000000, 0x0000000800000000)
  eden space 407552K, 0% used [0x00000007d6c00000,0x00000007d6c00000,0x00000007efa00000)
  from space 10240K, 40% used [0x00000007efa00000,0x00000007efe020d8,0x00000007f0400000)
  to   space 8192K, 0% used [0x00000007f0400000,0x00000007f0400000,0x00000007f0c00000)
 ParOldGen       total 84480K, used 19316K [0x0000000784400000, 0x0000000789680000, 0x00000007d6c00000)
  object space 84480K, 22% used [0x0000000784400000,0x00000007856dd260,0x0000000789680000)
 PSPermGen       total 36352K, used 35925K [0x0000000779e00000, 0x000000077c180000, 0x0000000784400000)
  object space 36352K, 98% used [0x0000000779e00000,0x000000077c115508,0x000000077c180000)
GC Heap History (10 events):
Event: 4,707 GC heap after
Heap after GC invocations=6 (full 0):
 PSYoungGen      total 135680K, used 7503K [0x00000007d6c00000, 0x00000007dfb00000, 0x0000000800000000)
  eden space 128000K, 0% used [0x00000007d6c00000,0x00000007d6c00000,0x00000007de900000)
  from space 7680K, 97% used [0x00000007df180000,0x00000007df8d3cb8,0x00000007df900000)
  to   space 8704K, 0% used [0x00000007de900000,0x00000007de900000,0x00000007df180000)
 ParOldGen       total 84480K, used 2249K [0x0000000784400000, 0x0000000789680000, 0x00000007d6c00000)
  object space 84480K, 2% used [0x0000000784400000,0x0000000784632668,0x0000000789680000)
 PSPermGen       total 21504K, used 19867K [0x0000000779e00000, 0x000000077b300000, 0x0000000784400000)
  object space 21504K, 92% used [0x0000000779e00000,0x000000077b166d38,0x000000077b300000)
}
Event: 6,584 GC heap before
{Heap before GC invocations=7 (full 0):
 PSYoungGen      total 135680K, used 135503K [0x00000007d6c00000, 0x00000007dfb00000, 0x0000000800000000)
  eden space 128000K, 100% used [0x00000007d6c00000,0x00000007de900000,0x00000007de900000)
  from space 7680K, 97% used [0x00000007df180000,0x00000007df8d3cb8,0x00000007df900000)
  to   space 8704K, 0% used [0x00000007de900000,0x00000007de900000,0x00000007df180000)
 ParOldGen       total 84480K, used 2249K [0x0000000784400000, 0x0000000789680000, 0x00000007d6c00000)
  object space 84480K, 2% used [0x0000000784400000,0x0000000784632668,0x0000000789680000)
 PSPermGen       total 22016K, used 21991K [0x0000000779e00000, 0x000000077b380000, 0x0000000784400000)
  object space 22016K, 99% used [0x0000000779e00000,0x000000077b379dd8,0x000000077b380000)
Event: 6,609 GC heap after
Heap after GC invocations=7 (full 0):
 PSYoungGen      total 136704K, used 5012K [0x00000007d6c00000, 0x00000007e7600000, 0x0000000800000000)
  eden space 128000K, 0% used [0x00000007d6c00000,0x00000007d6c00000,0x00000007de900000)
  from space 8704K, 57% used [0x00000007de900000,0x00000007dede5010,0x00000007df180000)
  to   space 8192K, 0% used [0x00000007e6e00000,0x00000007e6e00000,0x00000007e7600000)
 ParOldGen       total 84480K, used 4454K [0x0000000784400000, 0x0000000789680000, 0x00000007d6c00000)
  object space 84480K, 5% used [0x0000000784400000,0x0000000784859828,0x0000000789680000)
 PSPermGen       total 22016K, used 21991K [0x0000000779e00000, 0x000000077b380000, 0x0000000784400000)
  object space 22016K, 99% used [0x0000000779e00000,0x000000077b379dd8,0x000000077b380000)
}
Event: 7,715 GC heap before
{Heap before GC invocations=8 (full 0):
 PSYoungGen      total 136704K, used 133012K [0x00000007d6c00000, 0x00000007e7600000, 0x0000000800000000)
  eden space 128000K, 100% used [0x00000007d6c00000,0x00000007de900000,0x00000007de900000)
  from space 8704K, 57% used [0x00000007de900000,0x00000007dede5010,0x00000007df180000)
  to   space 8192K, 0% used [0x00000007e6e00000,0x00000007e6e00000,0x00000007e7600000)
 ParOldGen       total 84480K, used 4454K [0x0000000784400000, 0x0000000789680000, 0x00000007d6c00000)
  object space 84480K, 5% used [0x0000000784400000,0x0000000784859828,0x0000000789680000)
 PSPermGen       total 24064K, used 23641K [0x0000000779e00000, 0x000000077b580000, 0x0000000784400000)
  object space 24064K, 98% used [0x0000000779e00000,0x000000077b516478,0x000000077b580000)
Event: 7,735 GC heap after
Heap after GC invocations=8 (full 0):
 PSYoungGen      total 264192K, used 4800K [0x00000007d6c00000, 0x00000007e7600000, 0x0000000800000000)
  eden space 256000K, 0% used [0x00000007d6c00000,0x00000007d6c00000,0x00000007e6600000)
  from space 8192K, 58% used [0x00000007e6e00000,0x00000007e72b02c8,0x00000007e7600000)
  to   space 8192K, 0% used [0x00000007e6600000,0x00000007e6600000,0x00000007e6e00000)
 ParOldGen       total 84480K, used 5812K [0x0000000784400000, 0x0000000789680000, 0x00000007d6c00000)
  object space 84480K, 6% used [0x0000000784400000,0x00000007849ad3a0,0x0000000789680000)
 PSPermGen       total 24064K, used 23641K [0x0000000779e00000, 0x000000077b580000, 0x0000000784400000)
  object space 24064K, 98% used [0x0000000779e00000,0x000000077b516478,0x000000077b580000)
}
Event: 10,928 GC heap before
{Heap before GC invocations=9 (full 0):
 PSYoungGen      total 264192K, used 260800K [0x00000007d6c00000, 0x00000007e7600000, 0x0000000800000000)
  eden space 256000K, 100% used [0x00000007d6c00000,0x00000007e6600000,0x00000007e6600000)
  from space 8192K, 58% used [0x00000007e6e00000,0x00000007e72b02c8,0x00000007e7600000)
  to   space 8192K, 0% used [0x00000007e6600000,0x00000007e6600000,0x00000007e6e00000)
 ParOldGen       total 84480K, used 5812K [0x0000000784400000, 0x0000000789680000, 0x00000007d6c00000)
  object space 84480K, 6% used [0x0000000784400000,0x00000007849ad3a0,0x0000000789680000)
 PSPermGen       total 30208K, used 30025K [0x0000000779e00000, 0x000000077bb80000, 0x0000000784400000)
  object space 30208K, 99% used [0x0000000779e00000,0x000000077bb527e0,0x000000077bb80000)
Event: 10,966 GC heap after
Heap after GC invocations=9 (full 0):
 PSYoungGen      total 264192K, used 7026K [0x00000007d6c00000, 0x00000007f0c00000, 0x0000000800000000)
  eden space 256000K, 0% used [0x00000007d6c00000,0x00000007d6c00000,0x00000007e6600000)
  from space 8192K, 85% used [0x00000007e6600000,0x00000007e6cdc8b0,0x00000007e6e00000)
  to   space 8192K, 0% used [0x00000007f0400000,0x00000007f0400000,0x00000007f0c00000)
 ParOldGen       total 84480K, used 8425K [0x0000000784400000, 0x0000000789680000, 0x00000007d6c00000)
  object space 84480K, 9% used [0x0000000784400000,0x0000000784c3a4a8,0x0000000789680000)
 PSPermGen       total 30208K, used 30025K [0x0000000779e00000, 0x000000077bb80000, 0x0000000784400000)
  object space 30208K, 99% used [0x0000000779e00000,0x000000077bb527e0,0x000000077bb80000)
}
Event: 13,370 GC heap before
{Heap before GC invocations=10 (full 0):
 PSYoungGen      total 264192K, used 263026K [0x00000007d6c00000, 0x00000007f0c00000, 0x0000000800000000)
  eden space 256000K, 100% used [0x00000007d6c00000,0x00000007e6600000,0x00000007e6600000)
  from space 8192K, 85% used [0x00000007e6600000,0x00000007e6cdc8b0,0x00000007e6e00000)
  to   space 8192K, 0% used [0x00000007f0400000,0x00000007f0400000,0x00000007f0c00000)
 ParOldGen       total 84480K, used 8425K [0x0000000784400000, 0x0000000789680000, 0x00000007d6c00000)
  object space 84480K, 9% used [0x0000000784400000,0x0000000784c3a4a8,0x0000000789680000)
 PSPermGen       total 35840K, used 35792K [0x0000000779e00000, 0x000000077c100000, 0x0000000784400000)
  object space 35840K, 99% used [0x0000000779e00000,0x000000077c0f4160,0x000000077c100000)
Event: 13,389 GC heap after
Heap after GC invocations=10 (full 0):
 PSYoungGen      total 415744K, used 8192K [0x00000007d6c00000, 0x00000007f1000000, 0x0000000800000000)
  eden space 407552K, 0% used [0x00000007d6c00000,0x00000007d6c00000,0x00000007efa00000)
  from space 8192K, 100% used [0x00000007f0400000,0x00000007f0c00000,0x00000007f0c00000)
  to   space 10240K, 0% used [0x00000007efa00000,0x00000007efa00000,0x00000007f0400000)
 ParOldGen       total 84480K, used 11182K [0x0000000784400000, 0x0000000789680000, 0x00000007d6c00000)
  object space 84480K, 13% used [0x0000000784400000,0x0000000784eeb9c0,0x0000000789680000)
 PSPermGen       total 35840K, used 35792K [0x0000000779e00000, 0x000000077c100000, 0x0000000784400000)
  object space 35840K, 99% used [0x0000000779e00000,0x000000077c0f4160,0x000000077c100000)
}
Event: 15,841 GC heap before
{Heap before GC invocations=11 (full 0):
 PSYoungGen      total 415744K, used 415744K [0x00000007d6c00000, 0x00000007f1000000, 0x0000000800000000)
  eden space 407552K, 100% used [0x00000007d6c00000,0x00000007efa00000,0x00000007efa00000)
  from space 8192K, 100% used [0x00000007f0400000,0x00000007f0c00000,0x00000007f0c00000)
  to   space 10240K, 0% used [0x00000007efa00000,0x00000007efa00000,0x00000007f0400000)
 ParOldGen       total 84480K, used 11182K [0x0000000784400000, 0x0000000789680000, 0x00000007d6c00000)
  object space 84480K, 13% used [0x0000000784400000,0x0000000784eeb9c0,0x0000000789680000)
 PSPermGen       total 36352K, used 35925K [0x0000000779e00000, 0x000000077c180000, 0x0000000784400000)
  object space 36352K, 98% used [0x0000000779e00000,0x000000077c115508,0x000000077c180000)

